{
  "RSpec": {
    "coverage": {
      "/Users/Guest/Desktop/StackOverflowRails/spec/features/log_in_pages_spec.rb": [
        1,
        1,
        null,
        1,
        1,
        1,
        1,
        1,
        1,
        1,
        1,
        1,
        null,
        null,
        1,
        1,
        1,
        1,
        1,
        1,
        1,
        1,
        null,
        null,
        null
      ],
      "/Users/Guest/Desktop/StackOverflowRails/spec/rails_helper.rb": [
        null,
        1,
        1,
        1,
        1,
        null,
        null,
        null,
        null,
        null,
        null,
        null,
        null,
        null,
        null,
        null,
        null,
        null,
        null,
        null,
        null,
        null,
        null,
        null,
        1,
        null,
        1,
        null,
        1,
        null,
        null,
        null,
        null,
        1,
        null,
        null,
        null,
        null,
        null,
        null,
        null,
        null,
        null,
        null,
        null,
        null,
        null,
        null,
        1,
        null
      ],
      "/Users/Guest/Desktop/StackOverflowRails/config/environment.rb": [
        null,
        1,
        null,
        null,
        1
      ],
      "/Users/Guest/Desktop/StackOverflowRails/config/application.rb": [
        1,
        null,
        1,
        null,
        1,
        1,
        1,
        1,
        1,
        1,
        1,
        null,
        null,
        null,
        null,
        1,
        null,
        1,
        1,
        null,
        null,
        null,
        null,
        null,
        null,
        null,
        null,
        null,
        null,
        null,
        null,
        null,
        1,
        null,
        null
      ],
      "/Users/Guest/Desktop/StackOverflowRails/config/boot.rb": [
        1,
        null,
        1
      ],
      "/Users/Guest/Desktop/StackOverflowRails/config/environments/test.rb": [
        1,
        null,
        null,
        null,
        null,
        null,
        null,
        1,
        null,
        null,
        null,
        null,
        1,
        null,
        null,
        1,
        1,
        null,
        null,
        1,
        1,
        null,
        null,
        1,
        null,
        null,
        1,
        null,
        null,
        null,
        null,
        1,
        null,
        null,
        1,
        null,
        null,
        1,
        null,
        null,
        null,
        null
      ],
      "/Users/Guest/Desktop/StackOverflowRails/config/initializers/assets.rb": [
        null,
        null,
        null,
        1,
        null,
        null,
        null,
        null,
        null,
        null,
        null
      ],
      "/Users/Guest/Desktop/StackOverflowRails/config/initializers/backtrace_silencers.rb": [
        null,
        null,
        null,
        null,
        null,
        null,
        null
      ],
      "/Users/Guest/Desktop/StackOverflowRails/config/initializers/cookies_serializer.rb": [
        null,
        null,
        1
      ],
      "/Users/Guest/Desktop/StackOverflowRails/config/initializers/filter_parameter_logging.rb": [
        null,
        null,
        null,
        1
      ],
      "/Users/Guest/Desktop/StackOverflowRails/config/initializers/inflections.rb": [
        null,
        null,
        null,
        null,
        null,
        null,
        null,
        null,
        null,
        null,
        null,
        null,
        null,
        null,
        null,
        null
      ],
      "/Users/Guest/Desktop/StackOverflowRails/config/initializers/mime_types.rb": [
        null,
        null,
        null,
        null
      ],
      "/Users/Guest/Desktop/StackOverflowRails/config/initializers/session_store.rb": [
        null,
        null,
        1
      ],
      "/Users/Guest/Desktop/StackOverflowRails/config/initializers/wrap_parameters.rb": [
        null,
        null,
        null,
        null,
        null,
        null,
        1,
        1,
        null,
        null,
        null,
        null,
        null,
        null
      ],
      "/Users/Guest/Desktop/StackOverflowRails/spec/factories.rb": [
        1,
        1,
        1,
        1,
        1,
        null,
        null
      ],
      "/Users/Guest/Desktop/StackOverflowRails/config/routes.rb": [
        1,
        1,
        1,
        1,
        1,
        null,
        1,
        1,
        1,
        1,
        null
      ],
      "/Users/Guest/Desktop/StackOverflowRails/app/helpers/application_helper.rb": [
        1,
        null
      ],
      "/Users/Guest/Desktop/StackOverflowRails/spec/features/sign_up_pages_spec.rb": [
        1,
        1,
        null,
        1,
        1,
        1,
        1,
        1,
        1,
        1,
        1,
        1,
        1,
        null,
        null,
        1,
        1,
        1,
        1,
        1,
        1,
        1,
        1,
        null,
        null
      ],
      "/Users/Guest/Desktop/StackOverflowRails/spec/mailers/user_mailer_spec.rb": [
        1,
        null,
        1,
        null,
        null,
        null,
        null,
        null,
        null,
        null,
        null,
        null,
        null,
        null,
        null,
        null,
        null,
        null
      ],
      "/Users/Guest/Desktop/StackOverflowRails/app/mailers/user_mailer.rb": [
        1,
        1,
        null,
        1,
        1,
        null,
        1,
        null,
        null
      ],
      "/Users/Guest/Desktop/StackOverflowRails/app/mailers/application_mailer.rb": [
        1,
        1,
        1,
        null
      ],
      "/Users/Guest/Desktop/StackOverflowRails/spec/models/user_spec.rb": [
        1,
        1,
        null,
        1,
        2,
        2,
        null,
        1,
        1,
        1,
        1,
        null,
        null,
        1,
        1,
        1,
        1,
        null,
        null,
        1,
        1,
        1,
        null,
        null,
        1,
        1,
        1,
        null,
        null,
        null,
        null
      ],
      "/Users/Guest/Desktop/StackOverflowRails/app/models/user.rb": [
        1,
        1,
        1,
        1,
        1,
        1,
        1,
        null,
        1,
        null,
        1,
        5,
        5,
        2,
        null,
        null,
        null,
        null,
        null,
        1,
        7,
        7,
        null,
        null,
        1,
        0,
        null,
        null,
        1,
        0,
        null,
        null,
        null
      ],
      "/Users/Guest/Desktop/StackOverflowRails/app/controllers/home_controller.rb": [
        1,
        1,
        6,
        null,
        null,
        null
      ],
      "/Users/Guest/Desktop/StackOverflowRails/app/controllers/application_controller.rb": [
        1,
        null,
        null,
        1,
        null,
        1,
        8,
        null,
        null,
        1,
        24,
        null,
        null,
        1,
        1,
        null
      ],
      "/Users/Guest/Desktop/StackOverflowRails/app/models/question.rb": [
        1,
        1,
        1,
        1,
        1,
        null,
        1,
        0,
        0,
        0,
        null,
        0,
        0,
        null,
        0,
        0,
        null,
        null,
        0,
        null,
        null,
        1,
        6,
        null,
        null,
        1,
        0,
        null,
        null,
        null
      ],
      "/Users/Guest/Desktop/StackOverflowRails/app/controllers/sessions_controller.rb": [
        1,
        1,
        2,
        2,
        1,
        1,
        1,
        null,
        1,
        1,
        null,
        null,
        null,
        1,
        0,
        0,
        0,
        null,
        null
      ],
      "/Users/Guest/Desktop/StackOverflowRails/app/controllers/users_controller.rb": [
        1,
        1,
        null,
        null,
        1,
        2,
        2,
        1,
        1,
        1,
        null,
        1,
        1,
        null,
        null,
        null,
        null,
        1,
        1,
        2,
        null,
        null,
        null
      ]
    },
    "timestamp": 1436309292
  }
}
